0 info it worked if it ends with ok
1 verbose cli [ '/Users/WLCHOI/.nvm/versions/node/v5.9.1/bin/node',
1 verbose cli   '/Users/WLCHOI/.nvm/versions/node/v5.9.1/bin/npm',
1 verbose cli   'run',
1 verbose cli   'test' ]
2 info using npm@3.8.3
3 info using node@v5.9.1
4 verbose run-script [ 'pretest', 'test', 'posttest' ]
5 info lifecycle MAG_Part2_Exercises@0.0.1~pretest: MAG_Part2_Exercises@0.0.1
6 silly lifecycle MAG_Part2_Exercises@0.0.1~pretest: no script for pretest, continuing
7 info lifecycle MAG_Part2_Exercises@0.0.1~test: MAG_Part2_Exercises@0.0.1
8 verbose lifecycle MAG_Part2_Exercises@0.0.1~test: unsafe-perm in lifecycle true
9 verbose lifecycle MAG_Part2_Exercises@0.0.1~test: PATH: /Users/WLCHOI/.nvm/versions/node/v5.9.1/lib/node_modules/npm/bin/node-gyp-bin:/Users/WLCHOI/leung/frisbyFunctionalProgramming/part2_exercises/node_modules/.bin:/Users/WLCHOI/.nvm/versions/node/v5.9.1/bin:/Users/WLCHOI/.rvm/gems/ruby-2.3.1/bin:/Users/WLCHOI/.rvm/gems/ruby-2.3.1@global/bin:/Users/WLCHOI/.rvm/rubies/ruby-2.3.1/bin:/usr/local/heroku/bin:/usr/local/opt/openssl/bin:/Users/WLCHOI/kerl/18.3/bin:/Users/WLCHOI/.kiex/elixirs/elixir-1.2.3/bin:/Users/WLCHOI/.kiex/bin:/Users/WLCHOI/.nvm/versions/node/v5.9.1/bin:/usr/local/bin:/usr/local/bin:/usr/bin:/bin:/usr/sbin:/sbin:/Users/WLCHOI/.rvm/gems/ruby-2.2.0/bin:/Users/WLCHOI/.rvm/gems/ruby-2.2.0@global/bin:/Users/WLCHOI/.rvm/rubies/ruby-2.2.0/bin:/usr/local/bin:/usr/bin:/bin:/usr/sbin:/sbin:/Users/WLCHOI/.rvm/bin:/Users/WLCHOI/.rvm/bin
10 verbose lifecycle MAG_Part2_Exercises@0.0.1~test: CWD: /Users/WLCHOI/leung/frisbyFunctionalProgramming/part2_exercises
11 silly lifecycle MAG_Part2_Exercises@0.0.1~test: Args: [ '-c', 'mocha exercises/**/*_spec.js' ]
12 silly lifecycle MAG_Part2_Exercises@0.0.1~test: Returned: code: 8  signal: null
13 info lifecycle MAG_Part2_Exercises@0.0.1~test: Failed to exec test script
14 verbose stack Error: MAG_Part2_Exercises@0.0.1 test: `mocha exercises/**/*_spec.js`
14 verbose stack Exit status 8
14 verbose stack     at EventEmitter.<anonymous> (/Users/WLCHOI/.nvm/versions/node/v5.9.1/lib/node_modules/npm/lib/utils/lifecycle.js:239:16)
14 verbose stack     at emitTwo (events.js:100:13)
14 verbose stack     at EventEmitter.emit (events.js:185:7)
14 verbose stack     at ChildProcess.<anonymous> (/Users/WLCHOI/.nvm/versions/node/v5.9.1/lib/node_modules/npm/lib/utils/spawn.js:24:14)
14 verbose stack     at emitTwo (events.js:100:13)
14 verbose stack     at ChildProcess.emit (events.js:185:7)
14 verbose stack     at maybeClose (internal/child_process.js:850:16)
14 verbose stack     at Process.ChildProcess._handle.onexit (internal/child_process.js:215:5)
15 verbose pkgid MAG_Part2_Exercises@0.0.1
16 verbose cwd /Users/WLCHOI/leung/frisbyFunctionalProgramming/part2_exercises
17 error Darwin 16.6.0
18 error argv "/Users/WLCHOI/.nvm/versions/node/v5.9.1/bin/node" "/Users/WLCHOI/.nvm/versions/node/v5.9.1/bin/npm" "run" "test"
19 error node v5.9.1
20 error npm  v3.8.3
21 error code ELIFECYCLE
22 error MAG_Part2_Exercises@0.0.1 test: `mocha exercises/**/*_spec.js`
22 error Exit status 8
23 error Failed at the MAG_Part2_Exercises@0.0.1 test script 'mocha exercises/**/*_spec.js'.
23 error Make sure you have the latest version of node.js and npm installed.
23 error If you do, this is most likely a problem with the MAG_Part2_Exercises package,
23 error not with npm itself.
23 error Tell the author that this fails on your system:
23 error     mocha exercises/**/*_spec.js
23 error You can get information on how to open an issue for this project with:
23 error     npm bugs MAG_Part2_Exercises
23 error Or if that isn't available, you can get their info via:
23 error     npm owner ls MAG_Part2_Exercises
23 error There is likely additional logging output above.
24 verbose exit [ 1, true ]
